2022-07-23 22:07:38.184  INFO 17228 --- [restartedMain] com.edutecno.Application                 : Starting Application using Java 17.0.3 on DESKTOP-469ADSR with PID 17228 (E:\Users\alvar\Desktop\Dev\spring\M6.1-DesafioSistemaNoticiasXML\target\classes started by alvar in E:\Users\alvar\Desktop\Dev\spring\M6.1-DesafioSistemaNoticiasXML)
2022-07-23 22:07:38.195  INFO 17228 --- [restartedMain] com.edutecno.Application                 : No active profile set, falling back to 1 default profile: "default"
2022-07-23 22:07:38.356  INFO 17228 --- [restartedMain] .e.DevToolsPropertyDefaultsPostProcessor : Devtools property defaults active! Set 'spring.devtools.add-properties' to 'false' to disable
2022-07-23 22:07:38.357  INFO 17228 --- [restartedMain] .e.DevToolsPropertyDefaultsPostProcessor : For additional web related logging consider setting the 'logging.level.web' property to 'DEBUG'
2022-07-23 22:07:40.190  INFO 17228 --- [restartedMain] o.s.b.w.embedded.tomcat.TomcatWebServer  : Tomcat initialized with port(s): 8099 (http)
2022-07-23 22:07:40.208  INFO 17228 --- [restartedMain] o.apache.catalina.core.StandardService   : Starting service [Tomcat]
2022-07-23 22:07:40.208  INFO 17228 --- [restartedMain] org.apache.catalina.core.StandardEngine  : Starting Servlet engine: [Apache Tomcat/9.0.64]
2022-07-23 22:07:40.320  INFO 17228 --- [restartedMain] o.a.c.c.C.[Tomcat].[localhost].[/]       : Initializing Spring embedded WebApplicationContext
2022-07-23 22:07:40.320  INFO 17228 --- [restartedMain] w.s.c.ServletWebServerApplicationContext : Root WebApplicationContext: initialization completed in 1952 ms
2022-07-23 22:07:40.615 DEBUG 17228 --- [restartedMain] s.w.s.m.m.a.RequestMappingHandlerAdapter : ControllerAdvice beans: 0 @ModelAttribute, 0 @InitBinder, 1 RequestBodyAdvice, 1 ResponseBodyAdvice
2022-07-23 22:07:40.678  INFO 17228 --- [restartedMain] o.s.b.a.w.s.WelcomePageHandlerMapping    : Adding welcome page template: index
2022-07-23 22:07:40.746 DEBUG 17228 --- [restartedMain] s.w.s.m.m.a.RequestMappingHandlerMapping : 3 mappings in 'requestMappingHandlerMapping'
2022-07-23 22:07:40.776 DEBUG 17228 --- [restartedMain] o.s.w.s.handler.SimpleUrlHandlerMapping  : Patterns [/webjars/**, /**] in 'resourceHandlerMapping'
2022-07-23 22:07:40.790 DEBUG 17228 --- [restartedMain] .m.m.a.ExceptionHandlerExceptionResolver : ControllerAdvice beans: 0 @ExceptionHandler, 1 ResponseBodyAdvice
2022-07-23 22:07:41.039  INFO 17228 --- [restartedMain] o.s.b.d.a.OptionalLiveReloadServer       : LiveReload server is running on port 35729
2022-07-23 22:07:41.095  INFO 17228 --- [restartedMain] o.s.b.w.embedded.tomcat.TomcatWebServer  : Tomcat started on port(s): 8099 (http) with context path ''
2022-07-23 22:07:41.114  INFO 17228 --- [restartedMain] com.edutecno.Application                 : Started Application in 3.714 seconds (JVM running for 4.653)
2022-07-23 22:07:46.512  INFO 17228 --- [http-nio-8099-exec-1] o.a.c.c.C.[Tomcat].[localhost].[/]       : Initializing Spring DispatcherServlet 'dispatcherServlet'
2022-07-23 22:07:46.512  INFO 17228 --- [http-nio-8099-exec-1] o.s.web.servlet.DispatcherServlet        : Initializing Servlet 'dispatcherServlet'
2022-07-23 22:07:46.513 DEBUG 17228 --- [http-nio-8099-exec-1] o.s.web.servlet.DispatcherServlet        : Detected StandardServletMultipartResolver
2022-07-23 22:07:46.513 DEBUG 17228 --- [http-nio-8099-exec-1] o.s.web.servlet.DispatcherServlet        : Detected AcceptHeaderLocaleResolver
2022-07-23 22:07:46.514 DEBUG 17228 --- [http-nio-8099-exec-1] o.s.web.servlet.DispatcherServlet        : Detected FixedThemeResolver
2022-07-23 22:07:46.515 DEBUG 17228 --- [http-nio-8099-exec-1] o.s.web.servlet.DispatcherServlet        : Detected org.springframework.web.servlet.view.DefaultRequestToViewNameTranslator@32c8c26a
2022-07-23 22:07:46.516 DEBUG 17228 --- [http-nio-8099-exec-1] o.s.web.servlet.DispatcherServlet        : Detected org.springframework.web.servlet.support.SessionFlashMapManager@5d19c18
2022-07-23 22:07:46.517 DEBUG 17228 --- [http-nio-8099-exec-1] o.s.web.servlet.DispatcherServlet        : enableLoggingRequestDetails='false': request parameters and headers will be masked to prevent unsafe logging of potentially sensitive data
2022-07-23 22:07:46.517  INFO 17228 --- [http-nio-8099-exec-1] o.s.web.servlet.DispatcherServlet        : Completed initialization in 4 ms
2022-07-23 22:07:46.533 DEBUG 17228 --- [http-nio-8099-exec-1] o.s.web.servlet.DispatcherServlet        : GET "/", parameters={}
2022-07-23 22:07:46.541 DEBUG 17228 --- [http-nio-8099-exec-1] s.w.s.m.m.a.RequestMappingHandlerMapping : Mapped to com.edutecno.controller.NoticiasController#home(Model)
2022-07-23 22:07:46.745 DEBUG 17228 --- [http-nio-8099-exec-1] o.s.w.s.v.ContentNegotiatingViewResolver : Selected 'text/html' given [text/html, application/xhtml+xml, image/avif, image/webp, application/xml;q=0.9, */*;q=0.8]
2022-07-23 22:07:47.153 DEBUG 17228 --- [http-nio-8099-exec-1] o.s.web.servlet.DispatcherServlet        : Completed 200 OK
